2017-07-10 07:00:16,712 [main] INFO  [com.pageHelper] - Starting pageHelper on LAPTOP-M484PB5F with PID 23532 (started by pengxiao in C:\Users\pengxiao\Desktop\WEB服务器\smartagro)
2017-07-10 07:00:16,740 [main] INFO  [com.pageHelper] - No active profile set, falling back to default profiles: default
2017-07-10 07:00:17,274 [background-preinit] INFO  [org.hibernate.validator.internal.util.Version] - HV000001: Hibernate Validator 5.3.4.Final
2017-07-10 07:00:21,140 [main] INFO  [com.alibaba.druid.pool.DruidDataSource] - {dataSource-1} inited
2017-07-10 07:00:21,957 [main] WARN  [org.hibernate.validator.messageinterpolation.ParameterMessageInterpolator] - HV000184: ParameterMessageInterpolator has been chosen, EL interpolation will not be supported
2017-07-10 07:00:22,552 [main] WARN  [org.hibernate.validator.messageinterpolation.ParameterMessageInterpolator] - HV000184: ParameterMessageInterpolator has been chosen, EL interpolation will not be supported
2017-07-10 07:00:25,430 [main] INFO  [springfox.documentation.spring.web.PropertySourcedRequestMappingHandlerMapping] - Mapped URL path [/v2/api-docs] onto method [public org.springframework.http.ResponseEntity<springfox.documentation.spring.web.json.Json> springfox.documentation.swagger2.web.Swagger2Controller.getDocumentation(java.lang.String,javax.servlet.http.HttpServletRequest)]
2017-07-10 07:00:28,348 [main] INFO  [springfox.documentation.spring.web.plugins.DocumentationPluginsBootstrapper] - Context refreshed
2017-07-10 07:00:28,399 [main] INFO  [springfox.documentation.spring.web.plugins.DocumentationPluginsBootstrapper] - Found 1 custom documentation plugin(s)
2017-07-10 07:00:28,629 [main] INFO  [springfox.documentation.spring.web.scanners.ApiListingReferenceScanner] - Scanning for api listing references
2017-07-10 07:00:28,975 [main] INFO  [com.pageHelper] - Started pageHelper in 13.039 seconds (JVM running for 18.797)
2017-07-10 07:00:30,381 [Thread-4] INFO  [com.alibaba.druid.pool.DruidDataSource] - {dataSource-1} closed
2017-07-10 07:19:03,449 [main] INFO  [com.pageHelper] - Starting pageHelper on LAPTOP-M484PB5F with PID 17264 (started by pengxiao in C:\Users\pengxiao\Desktop\WEB服务器\smartagro)
2017-07-10 07:19:03,451 [main] INFO  [com.pageHelper] - No active profile set, falling back to default profiles: default
2017-07-10 07:19:04,560 [background-preinit] INFO  [org.hibernate.validator.internal.util.Version] - HV000001: Hibernate Validator 5.3.4.Final
2017-07-10 07:19:08,696 [main] INFO  [com.alibaba.druid.pool.DruidDataSource] - {dataSource-1} inited
2017-07-10 07:19:09,210 [main] WARN  [org.hibernate.validator.messageinterpolation.ParameterMessageInterpolator] - HV000184: ParameterMessageInterpolator has been chosen, EL interpolation will not be supported
2017-07-10 07:19:09,713 [main] WARN  [org.hibernate.validator.messageinterpolation.ParameterMessageInterpolator] - HV000184: ParameterMessageInterpolator has been chosen, EL interpolation will not be supported
2017-07-10 07:19:11,664 [main] INFO  [springfox.documentation.spring.web.PropertySourcedRequestMappingHandlerMapping] - Mapped URL path [/v2/api-docs] onto method [public org.springframework.http.ResponseEntity<springfox.documentation.spring.web.json.Json> springfox.documentation.swagger2.web.Swagger2Controller.getDocumentation(java.lang.String,javax.servlet.http.HttpServletRequest)]
2017-07-10 07:19:13,422 [main] INFO  [springfox.documentation.spring.web.plugins.DocumentationPluginsBootstrapper] - Context refreshed
2017-07-10 07:19:13,470 [main] INFO  [springfox.documentation.spring.web.plugins.DocumentationPluginsBootstrapper] - Found 1 custom documentation plugin(s)
2017-07-10 07:19:13,562 [main] INFO  [springfox.documentation.spring.web.scanners.ApiListingReferenceScanner] - Scanning for api listing references
2017-07-10 07:19:13,787 [main] INFO  [com.pageHelper] - Started pageHelper in 11.697 seconds (JVM running for 13.373)
2017-07-10 07:20:00,485 [Thread-4] INFO  [com.alibaba.druid.pool.DruidDataSource] - {dataSource-1} closed
2017-07-10 07:20:40,243 [main] INFO  [com.pageHelper] - Starting pageHelper on LAPTOP-M484PB5F with PID 18296 (started by pengxiao in C:\Users\pengxiao\Desktop\WEB服务器\smartagro)
2017-07-10 07:20:40,244 [main] INFO  [com.pageHelper] - No active profile set, falling back to default profiles: default
2017-07-10 07:20:40,951 [background-preinit] INFO  [org.hibernate.validator.internal.util.Version] - HV000001: Hibernate Validator 5.3.4.Final
2017-07-10 07:20:45,554 [main] INFO  [com.alibaba.druid.pool.DruidDataSource] - {dataSource-1} inited
2017-07-10 07:20:45,922 [main] WARN  [org.hibernate.validator.messageinterpolation.ParameterMessageInterpolator] - HV000184: ParameterMessageInterpolator has been chosen, EL interpolation will not be supported
2017-07-10 07:20:46,342 [main] WARN  [org.hibernate.validator.messageinterpolation.ParameterMessageInterpolator] - HV000184: ParameterMessageInterpolator has been chosen, EL interpolation will not be supported
2017-07-10 07:20:48,315 [main] INFO  [springfox.documentation.spring.web.PropertySourcedRequestMappingHandlerMapping] - Mapped URL path [/v2/api-docs] onto method [public org.springframework.http.ResponseEntity<springfox.documentation.spring.web.json.Json> springfox.documentation.swagger2.web.Swagger2Controller.getDocumentation(java.lang.String,javax.servlet.http.HttpServletRequest)]
2017-07-10 07:20:49,938 [main] INFO  [springfox.documentation.spring.web.plugins.DocumentationPluginsBootstrapper] - Context refreshed
2017-07-10 07:20:49,990 [main] INFO  [springfox.documentation.spring.web.plugins.DocumentationPluginsBootstrapper] - Found 1 custom documentation plugin(s)
2017-07-10 07:20:50,070 [main] INFO  [springfox.documentation.spring.web.scanners.ApiListingReferenceScanner] - Scanning for api listing references
2017-07-10 07:20:50,301 [main] INFO  [com.pageHelper] - Started pageHelper in 11.363 seconds (JVM running for 13.122)
2017-07-10 07:20:51,417 [Thread-4] INFO  [com.alibaba.druid.pool.DruidDataSource] - {dataSource-1} closed
2017-07-10 07:23:34,261 [main] INFO  [com.pageHelper] - Starting pageHelper on LAPTOP-M484PB5F with PID 15464 (started by pengxiao in C:\Users\pengxiao\Desktop\WEB服务器\smartagro)
2017-07-10 07:23:34,263 [main] INFO  [com.pageHelper] - No active profile set, falling back to default profiles: default
2017-07-10 07:23:35,155 [background-preinit] INFO  [org.hibernate.validator.internal.util.Version] - HV000001: Hibernate Validator 5.3.4.Final
2017-07-10 07:23:39,635 [main] INFO  [com.alibaba.druid.pool.DruidDataSource] - {dataSource-1} inited
2017-07-10 07:23:40,023 [main] WARN  [org.hibernate.validator.messageinterpolation.ParameterMessageInterpolator] - HV000184: ParameterMessageInterpolator has been chosen, EL interpolation will not be supported
2017-07-10 07:23:40,456 [main] WARN  [org.hibernate.validator.messageinterpolation.ParameterMessageInterpolator] - HV000184: ParameterMessageInterpolator has been chosen, EL interpolation will not be supported
2017-07-10 07:23:42,506 [main] INFO  [springfox.documentation.spring.web.PropertySourcedRequestMappingHandlerMapping] - Mapped URL path [/v2/api-docs] onto method [public org.springframework.http.ResponseEntity<springfox.documentation.spring.web.json.Json> springfox.documentation.swagger2.web.Swagger2Controller.getDocumentation(java.lang.String,javax.servlet.http.HttpServletRequest)]
2017-07-10 07:23:44,133 [main] INFO  [springfox.documentation.spring.web.plugins.DocumentationPluginsBootstrapper] - Context refreshed
2017-07-10 07:23:44,174 [main] INFO  [springfox.documentation.spring.web.plugins.DocumentationPluginsBootstrapper] - Found 1 custom documentation plugin(s)
2017-07-10 07:23:44,250 [main] INFO  [springfox.documentation.spring.web.scanners.ApiListingReferenceScanner] - Scanning for api listing references
2017-07-10 07:23:44,597 [main] INFO  [com.pageHelper] - Started pageHelper in 11.629 seconds (JVM running for 13.164)
2017-07-10 07:23:46,011 [Thread-4] INFO  [com.alibaba.druid.pool.DruidDataSource] - {dataSource-1} closed
